<?xml version="1.0" encoding="UTF-8"?>
<coverage generated="1535726081816" clover="3.2.0">
  <project timestamp="1535726081817" name="All files">
    <metrics statements="53" coveredstatements="42" conditionals="19" coveredconditionals="11" methods="6" coveredmethods="3" elements="78" coveredelements="56" complexity="0" loc="53" ncloc="53" packages="7" files="8" classes="8">
      <package name="src">
        <metrics statements="6" coveredstatements="4" conditionals="11" coveredconditionals="8" methods="0" coveredmethods="0"/>
        <file name="config.js" path="/Users/kosukekimura/Documents/study/G's Academy/ireversi/ireversi-server/src/config.js">
          <metrics statements="6" coveredstatements="4" conditionals="11" coveredconditionals="8" methods="0" coveredmethods="0"/>
          <line num="1" count="1" type="stmt"/>
          <line num="3" count="1" type="cond" truecount="1" falsecount="2"/>
          <line num="5" count="0" type="stmt"/>
          <line num="10" count="1" type="stmt"/>
          <line num="12" count="0" type="stmt"/>
          <line num="15" count="1" type="stmt"/>
        </file>
      </package>
      <package name="src.models.kohski">
        <metrics statements="9" coveredstatements="7" conditionals="0" coveredconditionals="0" methods="1" coveredmethods="0"/>
        <file name="PlayingModel.js" path="/Users/kosukekimura/Documents/study/G's Academy/ireversi/ireversi-server/src/models/kohski/PlayingModel.js">
          <metrics statements="9" coveredstatements="7" conditionals="0" coveredconditionals="0" methods="1" coveredmethods="0"/>
          <line num="2" count="1" type="stmt"/>
          <line num="3" count="1" type="stmt"/>
          <line num="5" count="1" type="stmt"/>
          <line num="6" count="1" type="stmt"/>
          <line num="8" count="1" type="stmt"/>
          <line num="17" count="1" type="stmt"/>
          <line num="18" count="0" type="stmt"/>
          <line num="19" count="0" type="stmt"/>
          <line num="22" count="1" type="stmt"/>
        </file>
      </package>
      <package name="src.routes">
        <metrics statements="5" coveredstatements="5" conditionals="0" coveredconditionals="0" methods="0" coveredmethods="0"/>
        <file name="app.js" path="/Users/kosukekimura/Documents/study/G's Academy/ireversi/ireversi-server/src/routes/app.js">
          <metrics statements="5" coveredstatements="5" conditionals="0" coveredconditionals="0" methods="0" coveredmethods="0"/>
          <line num="1" count="1" type="stmt"/>
          <line num="3" count="1" type="stmt"/>
          <line num="4" count="1" type="stmt"/>
          <line num="5" count="1" type="stmt"/>
          <line num="7" count="1" type="stmt"/>
        </file>
      </package>
      <package name="src.routes.api.v1">
        <metrics statements="3" coveredstatements="3" conditionals="0" coveredconditionals="0" methods="0" coveredmethods="0"/>
        <file name="index.js" path="/Users/kosukekimura/Documents/study/G's Academy/ireversi/ireversi-server/src/routes/api/v1/index.js">
          <metrics statements="3" coveredstatements="3" conditionals="0" coveredconditionals="0" methods="0" coveredmethods="0"/>
          <line num="1" count="1" type="stmt"/>
          <line num="4" count="1" type="stmt"/>
          <line num="6" count="1" type="stmt"/>
        </file>
      </package>
      <package name="src.routes.api.v1.kohski">
        <metrics statements="9" coveredstatements="5" conditionals="0" coveredconditionals="0" methods="2" coveredmethods="1"/>
        <file name="playing.js" path="/Users/kosukekimura/Documents/study/G's Academy/ireversi/ireversi-server/src/routes/api/v1/kohski/playing.js">
          <metrics statements="9" coveredstatements="5" conditionals="0" coveredconditionals="0" methods="2" coveredmethods="1"/>
          <line num="1" count="1" type="stmt"/>
          <line num="3" count="1" type="stmt"/>
          <line num="5" count="0" type="stmt"/>
          <line num="6" count="0" type="stmt"/>
          <line num="7" count="0" type="stmt"/>
          <line num="9" count="0" type="stmt"/>
          <line num="16" count="1" type="stmt"/>
          <line num="18" count="1" type="stmt"/>
          <line num="25" count="1" type="stmt"/>
        </file>
      </package>
      <package name="src.utils">
        <metrics statements="18" coveredstatements="15" conditionals="8" coveredconditionals="3" methods="3" coveredmethods="2"/>
        <file name="createUUID.js" path="/Users/kosukekimura/Documents/study/G's Academy/ireversi/ireversi-server/src/utils/createUUID.js">
          <metrics statements="2" coveredstatements="2" conditionals="0" coveredconditionals="0" methods="1" coveredmethods="1"/>
          <line num="1" count="2" type="stmt"/>
          <line num="3" count="203" type="stmt"/>
        </file>
        <file name="db.js" path="/Users/kosukekimura/Documents/study/G's Academy/ireversi/ireversi-server/src/utils/db.js">
          <metrics statements="16" coveredstatements="13" conditionals="8" coveredconditionals="3" methods="2" coveredmethods="1"/>
          <line num="1" count="1" type="stmt"/>
          <line num="6" count="1" type="stmt"/>
          <line num="8" count="1" type="stmt"/>
          <line num="9" count="1" type="stmt"/>
          <line num="13" count="1" type="stmt"/>
          <line num="14" count="0" type="stmt"/>
          <line num="18" count="1" type="stmt"/>
          <line num="20" count="1" type="stmt"/>
          <line num="22" count="0" type="cond" truecount="0" falsecount="2"/>
          <line num="23" count="0" type="stmt"/>
          <line num="26" count="1" type="cond" truecount="1" falsecount="1"/>
          <line num="28" count="1" type="cond" truecount="1" falsecount="1"/>
          <line num="29" count="1" type="stmt"/>
          <line num="30" count="1" type="stmt"/>
          <line num="34" count="1" type="cond" truecount="1" falsecount="1"/>
          <line num="36" count="1" type="stmt"/>
        </file>
      </package>
      <package name="tests">
        <metrics statements="3" coveredstatements="3" conditionals="0" coveredconditionals="0" methods="0" coveredmethods="0"/>
        <file name="setup.js" path="/Users/kosukekimura/Documents/study/G's Academy/ireversi/ireversi-server/tests/setup.js">
          <metrics statements="3" coveredstatements="3" conditionals="0" coveredconditionals="0" methods="0" coveredmethods="0"/>
          <line num="1" count="2" type="stmt"/>
          <line num="2" count="2" type="stmt"/>
          <line num="4" count="2" type="stmt"/>
        </file>
      </package>
    </metrics>
  </project>
</coverage>
