{"/Users/kosukekimura/Documents/study/G's Academy/ireversi/ireversi-server/src/config.js": {"path":"/Users/kosukekimura/Documents/study/G's Academy/ireversi/ireversi-server/src/config.js","statementMap":{"0":{"start":{"line":1,"column":15},"end":{"line":1,"column":32}},"1":{"start":{"line":3,"column":0},"end":{"line":13,"column":1}},"2":{"start":{"line":5,"column":4},"end":{"line":5,"column":10}},"3":{"start":{"line":10,"column":4},"end":{"line":10,"column":10}},"4":{"start":{"line":12,"column":4},"end":{"line":12,"column":20}},"5":{"start":{"line":15,"column":0},"end":{"line":20,"column":2}}},"fnMap":{},"branchMap":{"0":{"loc":{"start":{"line":3,"column":0},"end":{"line":13,"column":1}},"type":"switch","locations":[{"start":{"line":4,"column":2},"end":{"line":5,"column":10}},{"start":{"line":6,"column":2},"end":{"line":10,"column":10}},{"start":{"line":11,"column":2},"end":{"line":12,"column":20}}],"line":3},"1":{"loc":{"start":{"line":16,"column":11},"end":{"line":16,"column":48}},"type":"binary-expr","locations":[{"start":{"line":16,"column":11},"end":{"line":16,"column":31}},{"start":{"line":16,"column":35},"end":{"line":16,"column":48}}],"line":16},"2":{"loc":{"start":{"line":17,"column":8},"end":{"line":17,"column":33}},"type":"binary-expr","locations":[{"start":{"line":17,"column":8},"end":{"line":17,"column":24}},{"start":{"line":17,"column":28},"end":{"line":17,"column":33}}],"line":17},"3":{"loc":{"start":{"line":18,"column":10},"end":{"line":18,"column":60}},"type":"binary-expr","locations":[{"start":{"line":18,"column":10},"end":{"line":18,"column":32}},{"start":{"line":18,"column":36},"end":{"line":18,"column":60}}],"line":18},"4":{"loc":{"start":{"line":19,"column":12},"end":{"line":19,"column":73}},"type":"binary-expr","locations":[{"start":{"line":19,"column":12},"end":{"line":19,"column":33}},{"start":{"line":19,"column":37},"end":{"line":19,"column":73}}],"line":19}},"s":{"0":1,"1":1,"2":0,"3":1,"4":0,"5":1},"f":{},"b":{"0":[0,1,0],"1":[1,0],"2":[1,1],"3":[1,1],"4":[1,1]},"_coverageSchema":"332fd63041d2c1bcb487cc26dd0d5f7d97098a6c","hash":"72bfbf0d4d06efea8402de7221be287a83d28032"}
,"/Users/kosukekimura/Documents/study/G's Academy/ireversi/ireversi-server/src/models/kohski/PlayingModel.js": {"path":"/Users/kosukekimura/Documents/study/G's Academy/ireversi/ireversi-server/src/models/kohski/PlayingModel.js","statementMap":{"0":{"start":{"line":2,"column":15},"end":{"line":2,"column":32}},"1":{"start":{"line":3,"column":17},"end":{"line":3,"column":36}},"2":{"start":{"line":5,"column":19},"end":{"line":5,"column":27}},"3":{"start":{"line":6,"column":19},"end":{"line":6,"column":55}},"4":{"start":{"line":8,"column":19},"end":{"line":14,"column":2}},"5":{"start":{"line":17,"column":0},"end":{"line":20,"column":2}},"6":{"start":{"line":18,"column":2},"end":{"line":18,"column":31}},"7":{"start":{"line":19,"column":2},"end":{"line":19,"column":56}},"8":{"start":{"line":22,"column":0},"end":{"line":22,"column":61}}},"fnMap":{"0":{"name":"(anonymous_0)","decl":{"start":{"line":17,"column":35},"end":{"line":17,"column":36}},"loc":{"start":{"line":17,"column":47},"end":{"line":20,"column":1}},"line":17}},"branchMap":{},"s":{"0":1,"1":1,"2":1,"3":1,"4":1,"5":1,"6":0,"7":0,"8":1},"f":{"0":0},"b":{},"_coverageSchema":"332fd63041d2c1bcb487cc26dd0d5f7d97098a6c","hash":"71b54e1ee1a27c22a7050aacfc0d5ef55247b5fe"}
,"/Users/kosukekimura/Documents/study/G's Academy/ireversi/ireversi-server/src/routes/app.js": {"path":"/Users/kosukekimura/Documents/study/G's Academy/ireversi/ireversi-server/src/routes/app.js","statementMap":{"0":{"start":{"line":1,"column":16},"end":{"line":1,"column":34}},"1":{"start":{"line":3,"column":12},"end":{"line":3,"column":21}},"2":{"start":{"line":4,"column":0},"end":{"line":4,"column":49}},"3":{"start":{"line":5,"column":0},"end":{"line":5,"column":49}},"4":{"start":{"line":7,"column":0},"end":{"line":7,"column":21}}},"fnMap":{},"branchMap":{},"s":{"0":1,"1":1,"2":1,"3":1,"4":1},"f":{},"b":{},"_coverageSchema":"332fd63041d2c1bcb487cc26dd0d5f7d97098a6c","hash":"8e13086585e5f548b9401e6c960667487c5c4f4c"}
,"/Users/kosukekimura/Documents/study/G's Academy/ireversi/ireversi-server/src/routes/api/v1/index.js": {"path":"/Users/kosukekimura/Documents/study/G's Academy/ireversi/ireversi-server/src/routes/api/v1/index.js","statementMap":{"0":{"start":{"line":1,"column":15},"end":{"line":1,"column":42}},"1":{"start":{"line":4,"column":0},"end":{"line":4,"column":62}},"2":{"start":{"line":6,"column":0},"end":{"line":6,"column":24}}},"fnMap":{},"branchMap":{},"s":{"0":1,"1":1,"2":1},"f":{},"b":{},"_coverageSchema":"332fd63041d2c1bcb487cc26dd0d5f7d97098a6c","hash":"0921b98a71c6ffb31f5a327c0d283f307627ecf0"}
,"/Users/kosukekimura/Documents/study/G's Academy/ireversi/ireversi-server/src/routes/api/v1/kohski/playing.js": {"path":"/Users/kosukekimura/Documents/study/G's Academy/ireversi/ireversi-server/src/routes/api/v1/kohski/playing.js","statementMap":{"0":{"start":{"line":1,"column":15},"end":{"line":1,"column":42}},"1":{"start":{"line":3,"column":0},"end":{"line":14,"column":5}},"2":{"start":{"line":5,"column":4},"end":{"line":5,"column":25}},"3":{"start":{"line":6,"column":4},"end":{"line":6,"column":27}},"4":{"start":{"line":7,"column":4},"end":{"line":7,"column":33}},"5":{"start":{"line":9,"column":4},"end":{"line":13,"column":7}},"6":{"start":{"line":16,"column":0},"end":{"line":23,"column":5}},"7":{"start":{"line":18,"column":4},"end":{"line":22,"column":7}},"8":{"start":{"line":25,"column":0},"end":{"line":25,"column":24}}},"fnMap":{"0":{"name":"(anonymous_0)","decl":{"start":{"line":4,"column":7},"end":{"line":4,"column":8}},"loc":{"start":{"line":4,"column":20},"end":{"line":14,"column":3}},"line":4},"1":{"name":"(anonymous_1)","decl":{"start":{"line":17,"column":8},"end":{"line":17,"column":9}},"loc":{"start":{"line":17,"column":22},"end":{"line":23,"column":3}},"line":17}},"branchMap":{},"s":{"0":1,"1":1,"2":0,"3":0,"4":0,"5":0,"6":1,"7":1,"8":1},"f":{"0":0,"1":1},"b":{},"_coverageSchema":"332fd63041d2c1bcb487cc26dd0d5f7d97098a6c","hash":"31a87967e2bdd87bf4de0f92a4f7875422d85fe4"}
,"/Users/kosukekimura/Documents/study/G's Academy/ireversi/ireversi-server/src/utils/createUUID.js": {"path":"/Users/kosukekimura/Documents/study/G's Academy/ireversi/ireversi-server/src/utils/createUUID.js","statementMap":{"0":{"start":{"line":1,"column":16},"end":{"line":1,"column":34}},"1":{"start":{"line":3,"column":0},"end":{"line":3,"column":123}},"2":{"start":{"line":3,"column":27},"end":{"line":3,"column":122}}},"fnMap":{"0":{"name":"(anonymous_0)","decl":{"start":{"line":3,"column":17},"end":{"line":3,"column":18}},"loc":{"start":{"line":3,"column":27},"end":{"line":3,"column":122}},"line":3}},"branchMap":{},"s":{"0":2,"1":2,"2":203},"f":{"0":203},"b":{},"_coverageSchema":"332fd63041d2c1bcb487cc26dd0d5f7d97098a6c","hash":"4426d65bf1cbe7c6f95aa74366bda054b6c2a740"}
,"/Users/kosukekimura/Documents/study/G's Academy/ireversi/ireversi-server/src/utils/db.js": {"path":"/Users/kosukekimura/Documents/study/G's Academy/ireversi/ireversi-server/src/utils/db.js","statementMap":{"0":{"start":{"line":1,"column":17},"end":{"line":1,"column":36}},"1":{"start":{"line":6,"column":4},"end":{"line":6,"column":27}},"2":{"start":{"line":8,"column":16},"end":{"line":16,"column":1}},"3":{"start":{"line":9,"column":2},"end":{"line":11,"column":5}},"4":{"start":{"line":13,"column":2},"end":{"line":15,"column":5}},"5":{"start":{"line":14,"column":4},"end":{"line":14,"column":56}},"6":{"start":{"line":18,"column":19},"end":{"line":18,"column":24}},"7":{"start":{"line":20,"column":0},"end":{"line":38,"column":2}},"8":{"start":{"line":22,"column":4},"end":{"line":22,"column":82}},"9":{"start":{"line":22,"column":28},"end":{"line":22,"column":82}},"10":{"start":{"line":23,"column":4},"end":{"line":23,"column":20}},"11":{"start":{"line":26,"column":4},"end":{"line":26,"column":81}},"12":{"start":{"line":26,"column":28},"end":{"line":26,"column":81}},"13":{"start":{"line":28,"column":4},"end":{"line":31,"column":5}},"14":{"start":{"line":29,"column":6},"end":{"line":29,"column":26}},"15":{"start":{"line":30,"column":6},"end":{"line":30,"column":22}},"16":{"start":{"line":34,"column":4},"end":{"line":34,"column":81}},"17":{"start":{"line":34,"column":28},"end":{"line":34,"column":81}},"18":{"start":{"line":36,"column":4},"end":{"line":36,"column":45}}},"fnMap":{"0":{"name":"(anonymous_0)","decl":{"start":{"line":8,"column":16},"end":{"line":8,"column":17}},"loc":{"start":{"line":8,"column":28},"end":{"line":16,"column":1}},"line":8},"1":{"name":"(anonymous_1)","decl":{"start":{"line":13,"column":34},"end":{"line":13,"column":35}},"loc":{"start":{"line":13,"column":43},"end":{"line":15,"column":3}},"line":13}},"branchMap":{"0":{"loc":{"start":{"line":22,"column":4},"end":{"line":22,"column":82}},"type":"if","locations":[{"start":{"line":22,"column":4},"end":{"line":22,"column":82}},{"start":{"line":22,"column":4},"end":{"line":22,"column":82}}],"line":22},"1":{"loc":{"start":{"line":26,"column":4},"end":{"line":26,"column":81}},"type":"if","locations":[{"start":{"line":26,"column":4},"end":{"line":26,"column":81}},{"start":{"line":26,"column":4},"end":{"line":26,"column":81}}],"line":26},"2":{"loc":{"start":{"line":28,"column":4},"end":{"line":31,"column":5}},"type":"if","locations":[{"start":{"line":28,"column":4},"end":{"line":31,"column":5}},{"start":{"line":28,"column":4},"end":{"line":31,"column":5}}],"line":28},"3":{"loc":{"start":{"line":34,"column":4},"end":{"line":34,"column":81}},"type":"if","locations":[{"start":{"line":34,"column":4},"end":{"line":34,"column":81}},{"start":{"line":34,"column":4},"end":{"line":34,"column":81}}],"line":34}},"s":{"0":1,"1":1,"2":1,"3":1,"4":1,"5":0,"6":1,"7":1,"8":0,"9":0,"10":0,"11":1,"12":0,"13":1,"14":1,"15":1,"16":1,"17":0,"18":1},"f":{"0":1,"1":0},"b":{"0":[0,0],"1":[0,1],"2":[1,0],"3":[0,1]},"_coverageSchema":"332fd63041d2c1bcb487cc26dd0d5f7d97098a6c","hash":"86dd98ff12f2c6af58b23de2413f9528ce11e84e"}
,"/Users/kosukekimura/Documents/study/G's Academy/ireversi/ireversi-server/tests/setup.js": {"path":"/Users/kosukekimura/Documents/study/G's Academy/ireversi/ireversi-server/tests/setup.js","statementMap":{"0":{"start":{"line":1,"column":13},"end":{"line":1,"column":28}},"1":{"start":{"line":2,"column":17},"end":{"line":2,"column":37}},"2":{"start":{"line":4,"column":0},"end":{"line":4,"column":19}}},"fnMap":{},"branchMap":{},"s":{"0":2,"1":2,"2":2},"f":{},"b":{},"_coverageSchema":"332fd63041d2c1bcb487cc26dd0d5f7d97098a6c","hash":"72973b3aec525f20a112cd9db730c36d29763fc5"}
}
