TN:
SF:/Users/kosukekimura/Documents/study/G's Academy/ireversi/ireversi-server/src/config.js
FNF:0
FNH:0
DA:1,1
DA:3,1
DA:5,0
DA:10,1
DA:12,0
DA:15,1
LF:6
LH:4
BRDA:3,0,0,0
BRDA:3,0,1,1
BRDA:3,0,2,0
BRDA:16,1,0,1
BRDA:16,1,1,0
BRDA:17,2,0,1
BRDA:17,2,1,1
BRDA:18,3,0,1
BRDA:18,3,1,1
BRDA:19,4,0,1
BRDA:19,4,1,1
BRF:11
BRH:8
end_of_record
TN:
SF:/Users/kosukekimura/Documents/study/G's Academy/ireversi/ireversi-server/src/models/kohski/PlayingModel.js
FN:17,(anonymous_0)
FNF:1
FNH:0
FNDA:0,(anonymous_0)
DA:2,1
DA:3,1
DA:5,1
DA:6,1
DA:8,1
DA:17,1
DA:18,0
DA:19,0
DA:22,1
LF:9
LH:7
BRF:0
BRH:0
end_of_record
TN:
SF:/Users/kosukekimura/Documents/study/G's Academy/ireversi/ireversi-server/src/routes/app.js
FNF:0
FNH:0
DA:1,1
DA:3,1
DA:4,1
DA:5,1
DA:7,1
LF:5
LH:5
BRF:0
BRH:0
end_of_record
TN:
SF:/Users/kosukekimura/Documents/study/G's Academy/ireversi/ireversi-server/src/routes/api/v1/index.js
FNF:0
FNH:0
DA:1,1
DA:4,1
DA:6,1
LF:3
LH:3
BRF:0
BRH:0
end_of_record
TN:
SF:/Users/kosukekimura/Documents/study/G's Academy/ireversi/ireversi-server/src/routes/api/v1/kohski/playing.js
FN:4,(anonymous_0)
FN:17,(anonymous_1)
FNF:2
FNH:1
FNDA:0,(anonymous_0)
FNDA:1,(anonymous_1)
DA:1,1
DA:3,1
DA:5,0
DA:6,0
DA:7,0
DA:9,0
DA:16,1
DA:18,1
DA:25,1
LF:9
LH:5
BRF:0
BRH:0
end_of_record
TN:
SF:/Users/kosukekimura/Documents/study/G's Academy/ireversi/ireversi-server/src/utils/createUUID.js
FN:3,(anonymous_0)
FNF:1
FNH:1
FNDA:203,(anonymous_0)
DA:1,2
DA:3,203
LF:2
LH:2
BRF:0
BRH:0
end_of_record
TN:
SF:/Users/kosukekimura/Documents/study/G's Academy/ireversi/ireversi-server/src/utils/db.js
FN:8,(anonymous_0)
FN:13,(anonymous_1)
FNF:2
FNH:1
FNDA:1,(anonymous_0)
FNDA:0,(anonymous_1)
DA:1,1
DA:6,1
DA:8,1
DA:9,1
DA:13,1
DA:14,0
DA:18,1
DA:20,1
DA:22,0
DA:23,0
DA:26,1
DA:28,1
DA:29,1
DA:30,1
DA:34,1
DA:36,1
LF:16
LH:13
BRDA:22,0,0,0
BRDA:22,0,1,0
BRDA:26,1,0,0
BRDA:26,1,1,1
BRDA:28,2,0,1
BRDA:28,2,1,0
BRDA:34,3,0,0
BRDA:34,3,1,1
BRF:8
BRH:3
end_of_record
TN:
SF:/Users/kosukekimura/Documents/study/G's Academy/ireversi/ireversi-server/tests/setup.js
FNF:0
FNH:0
DA:1,2
DA:2,2
DA:4,2
LF:3
LH:3
BRF:0
BRH:0
end_of_record
